<?xml version="1.0" encoding="UTF-8"?>
<testsuite name="Cucumber" time="69.737" tests="9" skipped="0" failures="0" errors="0">
<testcase classname="NHS Job Search Functionality" name="Successful search and sort by Date Posted newest - Example #1.1" time="6.519">
<system-out><![CDATA[
Given I am on the NHS jobs search page......................................passed
When I enter job title "Nurse"..............................................passed
And I enter location "London"...............................................passed
And I click on search button................................................passed
Then I wait for search results to be displayed..............................passed
Then I wait for sort by dropdown to show default Best Match.................passed
When I select Date Posted newest from sort by dropdown......................passed
Then the sort by dropdown should have Date Posted newest selected...........passed
]]></system-out>
</testcase>
<testcase classname="NHS Job Search Functionality" name="Successful search and sort by Date Posted newest - Example #1.2" time="2.38">
<system-out><![CDATA[
Given I am on the NHS jobs search page......................................passed
When I enter job title "Doctor".............................................passed
And I enter location "London"...............................................passed
And I click on search button................................................passed
Then I wait for search results to be displayed..............................passed
Then I wait for sort by dropdown to show default Best Match.................passed
When I select Date Posted newest from sort by dropdown......................passed
Then the sort by dropdown should have Date Posted newest selected...........passed
]]></system-out>
</testcase>
<testcase classname="NHS Job Search Functionality" name="Search jobs with invalid job title or location - Example #1.1" time="1.81">
<system-out><![CDATA[
Given I am on the NHS jobs search page......................................passed
When I enter job title "RandomFakeJob"......................................passed
And I enter location "London"...............................................passed
And I click on search button................................................passed
Then I should see error message "No result found"...........................passed
]]></system-out>
</testcase>
<testcase classname="NHS Job Search Functionality" name="Search jobs with invalid job title or location - Example #1.2" time="11.679">
<system-out><![CDATA[
Given I am on the NHS jobs search page......................................passed
When I enter job title "Nurse"..............................................passed
And I enter location "InvalidCity"..........................................passed
And I click on search button................................................passed
Then I should see error message "Location not found"........................passed
]]></system-out>
</testcase>
<testcase classname="NHS Job Search Functionality" name="Search jobs with invalid job title or location - Example #1.3" time="1.7">
<system-out><![CDATA[
Given I am on the NHS jobs search page......................................passed
When I enter job title "!@#$%^&*()".........................................passed
And I enter location "London"...............................................passed
And I click on search button................................................passed
Then I should see error message "No result found"...........................passed
]]></system-out>
</testcase>
<testcase classname="NHS Job Search Functionality" name="Search jobs with invalid job title or location - Example #1.4" time="21.457">
<system-out><![CDATA[
Given I am on the NHS jobs search page......................................passed
When I enter job title "Doctor".............................................passed
And I enter location "1234567890"...........................................passed
And I click on search button................................................passed
Then I should see error message "Location not found"........................passed
]]></system-out>
</testcase>
<testcase classname="NHS Job Search Functionality" name="Search jobs with invalid job title or location - Example #1.5" time="21.357">
<system-out><![CDATA[
Given I am on the NHS jobs search page......................................passed
When I enter job title "!@#$%^&*()".........................................passed
And I enter location "1234567890"...........................................passed
And I click on search button................................................passed
Then I should see error message "Location not found"........................passed
]]></system-out>
</testcase>
<testcase classname="NHS Job Search Functionality" name="Search with empty job title and location" time="0.699">
<system-out><![CDATA[
Given I am on the NHS jobs search page......................................passed
When I click on search button...............................................passed
Then I should see validation errors or results page with no filters.........passed
]]></system-out>
</testcase>
<testcase classname="NHS Job Search Functionality" name="Sorting dropdown does not change with invalid option" time="1.814">
<system-out><![CDATA[
Given I am on the NHS jobs search page......................................passed
When I enter job title "Nurse"..............................................passed
And I enter location "London"...............................................passed
And I click on search button................................................passed
Then I wait for search results to be displayed..............................passed
When I try to select an invalid option from sort by dropdown................passed
Then the dropdown should remain unchanged...................................passed
]]></system-out>
</testcase>
</testsuite>
